<?xml version='1.0' encoding='UTF-8'?>
<testsuite hostname="Sarinas-MacBook-Pro.local" name="services.ApplicationServiceSpec" tests="1" errors="1" failures="0" skipped="0" time="0.05" timestamp="2022-06-20T12:11:05">
                     <properties>
[...]
</properties>
                     <testcase classname="services.ApplicationServiceSpec" name="(It is not a test it is a sbt.testing.SuiteSelector)" time="0.05">
                                                 <error message="java.lang.NullPointerException: null" type="sbt.ForkMain$ForkError">sbt.ForkMain$ForkError: java.lang.NullPointerException: null
	at services.ApplicationServiceSpec$$anon$1.withCharset(ApplicationServiceSpec.scala:20)
	at play.api.http.ContentTypes.$init$(StandardValues.scala:54)
	at controllers.ApplicationController.&lt;init&gt;(ApplicationController.scala:15)
	at services.ApplicationServiceSpec$$anon$1.&lt;init&gt;(ApplicationServiceSpec.scala:20)
	at services.ApplicationServiceSpec.&lt;init&gt;(ApplicationServiceSpec.scala:20)
	at java.base/jdk.internal.reflect.NativeConstructorAccessorImpl.newInstance0(Native Method)
	at java.base/jdk.internal.reflect.NativeConstructorAccessorImpl.newInstance(NativeConstructorAccessorImpl.java:62)
	at java.base/jdk.internal.reflect.DelegatingConstructorAccessorImpl.newInstance(DelegatingConstructorAccessorImpl.java:45)
	at java.base/java.lang.reflect.Constructor.newInstance(Constructor.java:490)
	at java.base/java.lang.Class.newInstance(Class.java:584)
	at org.scalatest.tools.Framework$ScalaTestTask.execute(Framework.scala:450)
	at sbt.ForkMain$Run.lambda$runTest$1(ForkMain.java:304)
	at java.base/java.util.concurrent.FutureTask.run(FutureTask.java:264)
	at java.base/java.util.concurrent.ThreadPoolExecutor.runWorker(ThreadPoolExecutor.java:1128)
	at java.base/java.util.concurrent.ThreadPoolExecutor$Worker.run(ThreadPoolExecutor.java:628)
	at java.base/java.lang.Thread.run(Thread.java:834)
</error>
                                               </testcase>
                     <system-out><![CDATA[]]></system-out>
                     <system-err><![CDATA[]]></system-err>
                   </testsuite>