[0m[[0m[0mdebug[0m] [0m[0mjavaOptions: Vector()[0m
[0m[[0m[0mdebug[0m] [0m[0mForking tests - parallelism = false[0m
[0m[[0m[0mdebug[0m] [0m[0mCreate a single-thread test executor[0m
[0m[[0m[0mdebug[0m] [0m[0mRunner for org.scalatest.tools.Framework produced 1 initial tasks for 1 tests.[0m
[0m[[0m[0mdebug[0m] [0m[0m  Running TaskDef(controllers.ApplicationControllerSpec, sbt.ForkMain$SubclassFingerscan@116977a9, false, [SuiteSelector])[0m
[0m[[0m[0minfo[0m] [0m[0m[32mApplicationControllerSpec:[0m[0m
[0m[[0m[0minfo[0m] [0m[0m[31mcontrollers.ApplicationControllerSpec *** ABORTED ***[0m[0m
[0m[[0m[0minfo[0m] [0m[0m[31m  com.google.inject.CreationException: Unable to create injector, see the following errors:[0m[0m
[0m[[0m[0minfo[0m] [0m[0m[31m[0m[0m
[0m[[0m[0minfo[0m] [0m[0m[31m1) No implementation for models.DataModel (with no qualifier annotation) was bound, and could not find an injectable constructor. Injectable classes must have either one (and only one) constructor annotated with @Inject or a zero-argument constructor that is not private.[0m[0m
[0m[[0m[0minfo[0m] [0m[0m[31m  at models.DataModel.class(DataModel.scala:5)[0m[0m
[0m[[0m[0minfo[0m] [0m[0m[31m  while locating models.DataModel[0m[0m
[0m[[0m[0minfo[0m] [0m[0m[31m    for the 3rd parameter of services.ApplicationService.<init>(ApplicationService.scala:11)[0m[0m
[0m[[0m[0minfo[0m] [0m[0m[31m  while locating services.ApplicationService[0m[0m
[0m[[0m[0minfo[0m] [0m[0m[31m    for the 4th parameter of controllers.ApplicationController.<init>(ApplicationController.scala:15)[0m[0m
[0m[[0m[0minfo[0m] [0m[0m[31m  while locating controllers.ApplicationController[0m[0m
[0m[[0m[0minfo[0m] [0m[0m[31m    for the 4th parameter of router.Routes.<init>(Routes.scala:33)[0m[0m
[0m[[0m[0minfo[0m] [0m[0m[31m  at play.api.inject.RoutesProvider$.bindingsFromConfiguration(BuiltinModule.scala:139):[0m[0m
[0m[[0m[0minfo[0m] [0m[0m[31mBinding(class router.Routes to self) (via modules: com.google.inject.util.Modules$OverrideModule -> play.api.inject.guice.GuiceableModuleConversions$$anon$4)[0m[0m
[0m[[0m[0minfo[0m] [0m[0m[31m[0m[0m
[0m[[0m[0minfo[0m] [0m[0m[31m1 error[0m[0m
[0m[[0m[0minfo[0m] [0m[0m[31m  at com.google.inject.internal.Errors.throwCreationExceptionIfErrorsExist(Errors.java:554)[0m[0m
[0m[[0m[0minfo[0m] [0m[0m[31m  at com.google.inject.internal.InternalInjectorCreator.initializeStatically(InternalInjectorCreator.java:161)[0m[0m
[0m[[0m[0minfo[0m] [0m[0m[31m  at com.google.inject.internal.InternalInjectorCreator.build(InternalInjectorCreator.java:108)[0m[0m
[0m[[0m[0minfo[0m] [0m[0m[31m  at com.google.inject.Guice.createInjector(Guice.java:87)[0m[0m
[0m[[0m[0minfo[0m] [0m[0m[31m  at com.google.inject.Guice.createInjector(Guice.java:78)[0m[0m
[0m[[0m[0minfo[0m] [0m[0m[31m  at play.api.inject.guice.GuiceBuilder.injector(GuiceInjectorBuilder.scala:200)[0m[0m
[0m[[0m[0minfo[0m] [0m[0m[31m  at play.api.inject.guice.GuiceApplicationBuilder.build(GuiceApplicationBuilder.scala:155)[0m[0m
[0m[[0m[0minfo[0m] [0m[0m[31m  at baseSpec.BaseSpecWithApplication.fakeApplication(BaseSpec.scala:42)[0m[0m
[0m[[0m[0minfo[0m] [0m[0m[31m  at baseSpec.BaseSpecWithApplication.fakeApplication$(BaseSpec.scala:39)[0m[0m
[0m[[0m[0minfo[0m] [0m[0m[31m  at controllers.ApplicationControllerSpec.fakeApplication(ApplicationControllerSpec.scala:15)[0m[0m
[0m[[0m[0minfo[0m] [0m[0m[31m  ...[0m[0m
[0m[[0m[0mdebug[0m] [0m[0m    Produced 0 nested tasks and 1 events.[0m
[0m[[0m[0mdebug[0m] [0m[0mRunner for com.novocode.junit.JUnitFramework produced 0 initial tasks for 0 tests.[0m
[0m[[0m[0minfo[0m] [0m[0mScalaTest[0m
[0m[[0m[0minfo[0m] [0m[0m[36mRun completed in 3 seconds, 293 milliseconds.[0m[0m
[0m[[0m[0minfo[0m] [0m[0m[36mTotal number of tests run: 0[0m[0m
[0m[[0m[0minfo[0m] [0m[0m[36mSuites: completed 0, aborted 1[0m[0m
[0m[[0m[0minfo[0m] [0m[0m[36mTests: succeeded 0, failed 0, canceled 0, ignored 0, pending 0[0m[0m
[0m[[0m[0minfo[0m] [0m[0m[31m*** 1 SUITE ABORTED ***[0m[0m
[0m[[0m[0mdebug[0m] [0m[0mSummary for JUnit not available.[0m
[0m[[0m[31merror[0m] [0m[0mError: Total 1, Failed 0, Errors 1, Passed 0[0m
[0m[[0m[31merror[0m] [0m[0mError during tests:[0m
[0m[[0m[31merror[0m] [0m[0m	controllers.ApplicationControllerSpec[0m
[0m[[0m[31merror[0m] [0m[0m(Test / [31mtestOnly[0m) sbt.TestsFailedException: Tests unsuccessful[0m
